<?xml version="1.0" encoding="UTF-8"?>
<!-- Generated by org.testng.reporters.JUnitReportReporter -->
<testsuite hostname="DESKTOP-1TP3G9S" failures="0" tests="3" name="com.testcase.LoginTest" time="0.187" errors="0" timestamp="2024-04-07T12:48:52 IST" skipped="0">
  <testcase classname="com.testcase.LoginTest" name="userNameTest" time="0.068"/>
  <testcase classname="com.testcase.LoginTest" name="passwordTest" time="0.042"/>
  <testcase classname="com.testcase.LoginTest" name="btntest" time="0.077"/>
</testsuite> <!-- com.testcase.LoginTest -->
